-------------------------------------------------------------------------------
Test set: com.test.pet.PetGetStatusTest
-------------------------------------------------------------------------------
Tests run: 4, Failures: 1, Errors: 0, Skipped: 0, Time elapsed: 6.31 s <<< FAILURE! - in com.test.pet.PetGetStatusTest
TestResponsePetAvailable{Status}[2]  Time elapsed: 1.469 s  <<< FAILURE!
java.lang.AssertionError: 
1 expectation failed.
JSON path name doesn't match.
Expected: (a collection containing "doggie")
  Actual: [null, jimmy, null, null, Fruit, BNxtxfacfd, GNpEMSAfGq]

	at com.test.pet.PetGetStatusTest.TestResponsePetAvailable(PetGetStatusTest.java:16)

