<?xml version="1.0" encoding="UTF-8"?>
<testsuite xmlns:xsi="http://www.w3.org/2001/XMLSchema-instance" xsi:noNamespaceSchemaLocation="https://maven.apache.org/surefire/maven-surefire-plugin/xsd/surefire-test-report.xsd" name="com.test.pet.PetGetStatusTest" time="6.286" tests="4" errors="0" skipped="0" failures="1">
  <properties>
[...]
</properties>
  <testcase name="TestResponsePetAvailable{Status}[1]" classname="com.test.pet.PetGetStatusTest" time="2.337"/>
  <testcase name="TestResponsePetAvailable{Status}[2]" classname="com.test.pet.PetGetStatusTest" time="1.423">
    <failure message="1 expectation failed.&#10;JSON path name doesn&apos;t match.&#10;Expected: (a collection containing &quot;doggie&quot;)&#10;  Actual: [null, sYHiaWYpfY, ISBcrZqaWL, null, My Updated Pet Name, qrzByENVHN, null]&#10;" type="java.lang.AssertionError">java.lang.AssertionError: 
1 expectation failed.
JSON path name doesn't match.
Expected: (a collection containing "doggie")
  Actual: [null, sYHiaWYpfY, ISBcrZqaWL, null, My Updated Pet Name, qrzByENVHN, null]

	at com.test.pet.PetGetStatusTest.TestResponsePetAvailable(PetGetStatusTest.java:16)
</failure>
    <system-out><![CDATA[Request method:	GET
Request URI:	https://petstore.swagger.io/v2/pet/findByStatus?status=pending
Proxy:			<none>
Request params:	<none>
Query params:	status=pending
Form params:	<none>
Path params:	<none>
Headers:		Accept=*/*
				Content-Type=application/json; charset=UTF-8
Cookies:		<none>
Multiparts:		<none>
Body:			<none>
[
    {
        "id": 11506,
        "category": {
            "id": 11114,
            "name": "mRGWRwWral"
        },
        "tags": [
            {
                "id": 11143,
                "name": "CXeChwVqDv"
            },
            {
                "id": 11086,
                "name": "dghZAOqwAg"
            }
        ],
        "status": "pending"
    },
    {
        "id": 11016,
        "category": {
            "id": 11350,
            "name": "mJslSJaJxP"
        },
        "name": "sYHiaWYpfY",
        "photoUrls": [
            "vdYrTdDNcv",
            "DpmGoQeiJL"
        ],
        "tags": [
            {
                "id": 11365,
                "name": "kdWMTTtawG"
            },
            {
                "id": 11583,
                "name": "laRaFWCxWM"
            }
        ],
        "status": "pending"
    },
    {
        "id": 11718,
        "category": {
            "id": 11867,
            "name": "pfquzZFAcK"
        },
        "name": "ISBcrZqaWL",
        "photoUrls": [
            "aBhKgpozbt",
            "AdstfkWqTs"
        ],
        "tags": [
            {
                "id": 11545,
                "name": "DLJHXiSSRm"
            },
            {
                "id": 11049,
                "name": "susKpyBfsh"
            }
        ],
        "status": "pending"
    },
    {
        "id": 11968,
        "category": {
            "id": 11290,
            "name": "gdNnINNwTL"
        },
        "tags": [
            {
                "id": 11467,
                "name": "XFHnASGdnO"
            },
            {
                "id": 11044,
                "name": "qRelGlGIKK"
            }
        ],
        "status": "pending"
    },
    {
        "id": 5,
        "category": {
            "id": 5,
            "name": "My Updated Category Name"
        },
        "name": "My Updated Pet Name",
        "status": "pending"
    },
    {
        "id": 11248,
        "category": {
            "id": 11785,
            "name": "ggagIGNEDq"
        },
        "name": "qrzByENVHN",
        "photoUrls": [
            "NaacaRmMnJ",
            "ltyvFvGAes"
        ],
        "tags": [
            {
                "id": 11899,
                "name": "KRmfqLbMbG"
            },
            {
                "id": 11123,
                "name": "RtTrFlEaiy"
            }
        ],
        "status": "pending"
    },
    {
        "id": 11456,
        "category": {
            "id": 11952,
            "name": "qTuZNwCcOa"
        },
        "tags": [
            {
                "id": 11068,
                "name": "xRfrFpXcek"
            },
            {
                "id": 11062,
                "name": "nyhGAgtXlH"
            }
        ],
        "status": "pending"
    }
]
Request method:	GET
Request URI:	https://petstore.swagger.io/v2/pet/findByStatus?status=pending
Proxy:			<none>
Request params:	<none>
Query params:	status=pending
Form params:	<none>
Path params:	<none>
Headers:		Accept=*/*
				Content-Type=application/json; charset=UTF-8
Cookies:		<none>
Multiparts:		<none>
Body:			<none>
[
    {
        "id": 11506,
        "category": {
            "id": 11114,
            "name": "mRGWRwWral"
        },
        "tags": [
            {
                "id": 11143,
                "name": "CXeChwVqDv"
            },
            {
                "id": 11086,
                "name": "dghZAOqwAg"
            }
        ],
        "status": "pending"
    },
    {
        "id": 11016,
        "category": {
            "id": 11350,
            "name": "mJslSJaJxP"
        },
        "name": "sYHiaWYpfY",
        "photoUrls": [
            "vdYrTdDNcv",
            "DpmGoQeiJL"
        ],
        "tags": [
            {
                "id": 11365,
                "name": "kdWMTTtawG"
            },
            {
                "id": 11583,
                "name": "laRaFWCxWM"
            }
        ],
        "status": "pending"
    },
    {
        "id": 11718,
        "category": {
            "id": 11867,
            "name": "pfquzZFAcK"
        },
        "name": "ISBcrZqaWL",
        "photoUrls": [
            "aBhKgpozbt",
            "AdstfkWqTs"
        ],
        "tags": [
            {
                "id": 11545,
                "name": "DLJHXiSSRm"
            },
            {
                "id": 11049,
                "name": "susKpyBfsh"
            }
        ],
        "status": "pending"
    },
    {
        "id": 11968,
        "category": {
            "id": 11290,
            "name": "gdNnINNwTL"
        },
        "tags": [
            {
                "id": 11467,
                "name": "XFHnASGdnO"
            },
            {
                "id": 11044,
                "name": "qRelGlGIKK"
            }
        ],
        "status": "pending"
    },
    {
        "id": 5,
        "category": {
            "id": 5,
            "name": "My Updated Category Name"
        },
        "name": "My Updated Pet Name",
        "status": "pending"
    },
    {
        "id": 11248,
        "category": {
            "id": 11785,
            "name": "ggagIGNEDq"
        },
        "name": "qrzByENVHN",
        "photoUrls": [
            "NaacaRmMnJ",
            "ltyvFvGAes"
        ],
        "tags": [
            {
                "id": 11899,
                "name": "KRmfqLbMbG"
            },
            {
                "id": 11123,
                "name": "RtTrFlEaiy"
            }
        ],
        "status": "pending"
    },
    {
        "id": 11456,
        "category": {
            "id": 11952,
            "name": "qTuZNwCcOa"
        },
        "tags": [
            {
                "id": 11068,
                "name": "xRfrFpXcek"
            },
            {
                "id": 11062,
                "name": "nyhGAgtXlH"
            }
        ],
        "status": "pending"
    }
]
]]></system-out>
    <system-err><![CDATA[окт. 17, 2022 4:15:48 PM org.junit.platform.launcher.core.TestExecutionListenerRegistry lambda$notifyEach$1
WARNING: TestExecutionListener [io.qameta.allure.junitplatform.AllureJunitPlatform] threw exception for method: executionStarted(TestIdentifier [uniqueId = '[engine:junit-jupiter]/[class:com.test.pet.PetGetStatusTest]/[test-template:TestResponsePetAvailable(com.models.Status)]/[test-template-invocation:#2]', parentId = '[engine:junit-jupiter]/[class:com.test.pet.PetGetStatusTest]/[test-template:TestResponsePetAvailable(com.models.Status)]', displayName = '[2] pending', legacyReportingName = 'TestResponsePetAvailable(Status)[2]', source = MethodSource [className = 'com.test.pet.PetGetStatusTest', methodName = 'TestResponsePetAvailable', methodParameterTypes = 'com.models.Status'], tags = [], type = TEST])
java.lang.NoSuchMethodError: 'org.junit.platform.engine.UniqueId org.junit.platform.launcher.TestIdentifier.getUniqueIdObject()'
	at io.qameta.allure.junitplatform.AllureJunitPlatform.startTestCase(AllureJunitPlatform.java:447)
	at io.qameta.allure.junitplatform.AllureJunitPlatform.executionStarted(AllureJunitPlatform.java:170)
	at org.junit.platform.launcher.core.TestExecutionListenerRegistry$CompositeTestExecutionListener.lambda$executionStarted$6(TestExecutionListenerRegistry.java:99)
	at org.junit.platform.launcher.core.TestExecutionListenerRegistry.lambda$notifyEach$1(TestExecutionListenerRegistry.java:67)
	at java.base/java.util.ArrayList.forEach(ArrayList.java:1541)
	at org.junit.platform.launcher.core.TestExecutionListenerRegistry.notifyEach(TestExecutionListenerRegistry.java:65)
	at org.junit.platform.launcher.core.TestExecutionListenerRegistry.access$200(TestExecutionListenerRegistry.java:32)
	at org.junit.platform.launcher.core.TestExecutionListenerRegistry$CompositeTestExecutionListener.executionStarted(TestExecutionListenerRegistry.java:99)
	at org.junit.platform.launcher.core.ExecutionListenerAdapter.executionStarted(ExecutionListenerAdapter.java:46)
	at org.junit.platform.launcher.core.DelegatingEngineExecutionListener.executionStarted(DelegatingEngineExecutionListener.java:41)
	at org.junit.platform.launcher.core.OutcomeDelayingEngineExecutionListener.executionStarted(OutcomeDelayingEngineExecutionListener.java:53)
	at org.junit.platform.engine.support.hierarchical.NodeTestTask.executeRecursively(NodeTestTask.java:123)
	at org.junit.platform.engine.support.hierarchical.NodeTestTask.execute(NodeTestTask.java:84)
	at org.junit.platform.engine.support.hierarchical.SameThreadHierarchicalTestExecutorService.submit(SameThreadHierarchicalTestExecutorService.java:32)
	at org.junit.platform.engine.support.hierarchical.NodeTestTask$DefaultDynamicTestExecutor.execute(NodeTestTask.java:212)
	at org.junit.platform.engine.support.hierarchical.NodeTestTask$DefaultDynamicTestExecutor.execute(NodeTestTask.java:192)
	at org.junit.jupiter.engine.descriptor.TestTemplateTestDescriptor.execute(TestTemplateTestDescriptor.java:139)
	at org.junit.jupiter.engine.descriptor.TestTemplateTestDescriptor.lambda$execute$2(TestTemplateTestDescriptor.java:107)
	at java.base/java.util.stream.ForEachOps$ForEachOp$OfRef.accept(ForEachOps.java:183)
	at java.base/java.util.stream.ReferencePipeline$3$1.accept(ReferencePipeline.java:195)
	at java.base/java.util.stream.ReferencePipeline$2$1.accept(ReferencePipeline.java:177)
	at java.base/java.util.stream.ReferencePipeline$3$1.accept(ReferencePipeline.java:195)
	at java.base/java.util.stream.ForEachOps$ForEachOp$OfRef.accept(ForEachOps.java:183)
	at java.base/java.util.stream.ReferencePipeline$11$1.accept(ReferencePipeline.java:442)
	at java.base/java.util.stream.ReferencePipeline$3$1.accept(ReferencePipeline.java:195)
	at java.base/java.util.stream.ReferencePipeline$3$1.accept(ReferencePipeline.java:195)
	at java.base/java.util.stream.ReferencePipeline$3$1.accept(ReferencePipeline.java:195)
	at java.base/java.util.stream.ForEachOps$ForEachOp$OfRef.accept(ForEachOps.java:183)
	at java.base/java.util.stream.ReferencePipeline$3$1.accept(ReferencePipeline.java:195)
	at java.base/java.util.Iterator.forEachRemaining(Iterator.java:133)
	at java.base/java.util.Spliterators$IteratorSpliterator.forEachRemaining(Spliterators.java:1801)
	at java.base/java.util.stream.AbstractPipeline.copyInto(AbstractPipeline.java:484)
	at java.base/java.util.stream.AbstractPipeline.wrapAndCopyInto(AbstractPipeline.java:474)
	at java.base/java.util.stream.ForEachOps$ForEachOp.evaluateSequential(ForEachOps.java:150)
	at java.base/java.util.stream.ForEachOps$ForEachOp$OfRef.evaluateSequential(ForEachOps.java:173)
	at java.base/java.util.stream.AbstractPipeline.evaluate(AbstractPipeline.java:234)
	at java.base/java.util.stream.ReferencePipeline.forEach(ReferencePipeline.java:497)
	at java.base/java.util.stream.ReferencePipeline$7$1.accept(ReferencePipeline.java:274)
	at java.base/java.util.stream.ReferencePipeline$3$1.accept(ReferencePipeline.java:195)
	at java.base/java.util.stream.ReferencePipeline$3$1.accept(ReferencePipeline.java:195)
	at java.base/java.util.stream.ReferencePipeline$3$1.accept(ReferencePipeline.java:195)
	at java.base/java.util.ArrayList$ArrayListSpliterator.forEachRemaining(ArrayList.java:1655)
	at java.base/java.util.stream.AbstractPipeline.copyInto(AbstractPipeline.java:484)
	at java.base/java.util.stream.AbstractPipeline.wrapAndCopyInto(AbstractPipeline.java:474)
	at java.base/java.util.stream.ForEachOps$ForEachOp.evaluateSequential(ForEachOps.java:150)
	at java.base/java.util.stream.ForEachOps$ForEachOp$OfRef.evaluateSequential(ForEachOps.java:173)
	at java.base/java.util.stream.AbstractPipeline.evaluate(AbstractPipeline.java:234)
	at java.base/java.util.stream.ReferencePipeline.forEach(ReferencePipeline.java:497)
	at java.base/java.util.stream.ReferencePipeline$7$1.accept(ReferencePipeline.java:274)
	at java.base/java.util.ArrayList$ArrayListSpliterator.forEachRemaining(ArrayList.java:1655)
	at java.base/java.util.stream.AbstractPipeline.copyInto(AbstractPipeline.java:484)
	at java.base/java.util.stream.AbstractPipeline.wrapAndCopyInto(AbstractPipeline.java:474)
	at java.base/java.util.stream.ForEachOps$ForEachOp.evaluateSequential(ForEachOps.java:150)
	at java.base/java.util.stream.ForEachOps$ForEachOp$OfRef.evaluateSequential(ForEachOps.java:173)
	at java.base/java.util.stream.AbstractPipeline.evaluate(AbstractPipeline.java:234)
	at java.base/java.util.stream.ReferencePipeline.forEach(ReferencePipeline.java:497)
	at org.junit.jupiter.engine.descriptor.TestTemplateTestDescriptor.execute(TestTemplateTestDescriptor.java:107)
	at org.junit.jupiter.engine.descriptor.TestTemplateTestDescriptor.execute(TestTemplateTestDescriptor.java:42)
	at org.junit.platform.engine.support.hierarchical.NodeTestTask.lambda$executeRecursively$5(NodeTestTask.java:139)
	at org.junit.platform.engine.support.hierarchical.ThrowableCollector.execute(ThrowableCollector.java:73)
	at org.junit.platform.engine.support.hierarchical.NodeTestTask.lambda$executeRecursively$7(NodeTestTask.java:129)
	at org.junit.platform.engine.support.hierarchical.Node.around(Node.java:137)
	at org.junit.platform.engine.support.hierarchical.NodeTestTask.lambda$executeRecursively$8(NodeTestTask.java:127)
	at org.junit.platform.engine.support.hierarchical.ThrowableCollector.execute(ThrowableCollector.java:73)
	at org.junit.platform.engine.support.hierarchical.NodeTestTask.executeRecursively(NodeTestTask.java:126)
	at org.junit.platform.engine.support.hierarchical.NodeTestTask.execute(NodeTestTask.java:84)
	at java.base/java.util.ArrayList.forEach(ArrayList.java:1541)
	at org.junit.platform.engine.support.hierarchical.SameThreadHierarchicalTestExecutorService.invokeAll(SameThreadHierarchicalTestExecutorService.java:38)
	at org.junit.platform.engine.support.hierarchical.NodeTestTask.lambda$executeRecursively$5(NodeTestTask.java:143)
	at org.junit.platform.engine.support.hierarchical.ThrowableCollector.execute(ThrowableCollector.java:73)
	at org.junit.platform.engine.support.hierarchical.NodeTestTask.lambda$executeRecursively$7(NodeTestTask.java:129)
	at org.junit.platform.engine.support.hierarchical.Node.around(Node.java:137)
	at org.junit.platform.engine.support.hierarchical.NodeTestTask.lambda$executeRecursively$8(NodeTestTask.java:127)
	at org.junit.platform.engine.support.hierarchical.ThrowableCollector.execute(ThrowableCollector.java:73)
	at org.junit.platform.engine.support.hierarchical.NodeTestTask.executeRecursively(NodeTestTask.java:126)
	at org.junit.platform.engine.support.hierarchical.NodeTestTask.execute(NodeTestTask.java:84)
	at java.base/java.util.ArrayList.forEach(ArrayList.java:1541)
	at org.junit.platform.engine.support.hierarchical.SameThreadHierarchicalTestExecutorService.invokeAll(SameThreadHierarchicalTestExecutorService.java:38)
	at org.junit.platform.engine.support.hierarchical.NodeTestTask.lambda$executeRecursively$5(NodeTestTask.java:143)
	at org.junit.platform.engine.support.hierarchical.ThrowableCollector.execute(ThrowableCollector.java:73)
	at org.junit.platform.engine.support.hierarchical.NodeTestTask.lambda$executeRecursively$7(NodeTestTask.java:129)
	at org.junit.platform.engine.support.hierarchical.Node.around(Node.java:137)
	at org.junit.platform.engine.support.hierarchical.NodeTestTask.lambda$executeRecursively$8(NodeTestTask.java:127)
	at org.junit.platform.engine.support.hierarchical.ThrowableCollector.execute(ThrowableCollector.java:73)
	at org.junit.platform.engine.support.hierarchical.NodeTestTask.executeRecursively(NodeTestTask.java:126)
	at org.junit.platform.engine.support.hierarchical.NodeTestTask.execute(NodeTestTask.java:84)
	at org.junit.platform.engine.support.hierarchical.SameThreadHierarchicalTestExecutorService.submit(SameThreadHierarchicalTestExecutorService.java:32)
	at org.junit.platform.engine.support.hierarchical.HierarchicalTestExecutor.execute(HierarchicalTestExecutor.java:57)
	at org.junit.platform.engine.support.hierarchical.HierarchicalTestEngine.execute(HierarchicalTestEngine.java:51)
	at org.junit.platform.launcher.core.EngineExecutionOrchestrator.execute(EngineExecutionOrchestrator.java:108)
	at org.junit.platform.launcher.core.EngineExecutionOrchestrator.execute(EngineExecutionOrchestrator.java:88)
	at org.junit.platform.launcher.core.EngineExecutionOrchestrator.lambda$execute$0(EngineExecutionOrchestrator.java:54)
	at org.junit.platform.launcher.core.EngineExecutionOrchestrator.withInterceptedStreams(EngineExecutionOrchestrator.java:67)
	at org.junit.platform.launcher.core.EngineExecutionOrchestrator.execute(EngineExecutionOrchestrator.java:52)
	at org.junit.platform.launcher.core.DefaultLauncher.execute(DefaultLauncher.java:96)
	at org.junit.platform.launcher.core.DefaultLauncher.execute(DefaultLauncher.java:75)
	at org.apache.maven.surefire.junitplatform.JUnitPlatformProvider.invokeAllTests(JUnitPlatformProvider.java:150)
	at org.apache.maven.surefire.junitplatform.JUnitPlatformProvider.invoke(JUnitPlatformProvider.java:124)
	at org.apache.maven.surefire.booter.ForkedBooter.invokeProviderInSameClassLoader(ForkedBooter.java:384)
	at org.apache.maven.surefire.booter.ForkedBooter.runSuitesInProcess(ForkedBooter.java:345)
	at org.apache.maven.surefire.booter.ForkedBooter.execute(ForkedBooter.java:126)
	at org.apache.maven.surefire.booter.ForkedBooter.main(ForkedBooter.java:418)

]]></system-err>
  </testcase>
  <testcase name="TestResponsePetAvailable{Status}[3]" classname="com.test.pet.PetGetStatusTest" time="1.455"/>
  <testcase name="TestConsoleMapPet" classname="com.test.pet.PetGetStatusTest" time="1.019"/>
</testsuite>